c:\users\colli\source\repos\windowsuidialogs\windowsuidialogs\x64\release\windowsuidialogs.pch
c:\users\colli\source\repos\windowsuidialogs\windowsuidialogs\x64\release\vc141.pdb
c:\users\colli\source\repos\windowsuidialogs\windowsuidialogs\x64\release\stdafx.obj
c:\users\colli\source\repos\windowsuidialogs\windowsuidialogs\x64\release\windowsuidialogs.obj
c:\users\colli\source\repos\windowsuidialogs\windowsuidialogs\x64\release\vector.obj
c:\users\colli\source\repos\windowsuidialogs\windowsuidialogs\x64\release\textbox.obj
c:\users\colli\source\repos\windowsuidialogs\windowsuidialogs\x64\release\savefile.obj
c:\users\colli\source\repos\windowsuidialogs\windowsuidialogs\x64\release\openfile.obj
c:\users\colli\source\repos\windowsuidialogs\windowsuidialogs\x64\release\dllmain.obj
c:\users\colli\source\repos\windowsuidialogs\windowsuidialogs\x64\release\custom.obj
c:\users\colli\source\repos\windowsuidialogs\windowsuidialogs\x64\release\colorpicker.obj
c:\users\colli\source\repos\windowsuidialogs\x64\release\windowsuidialogs.dll
c:\users\colli\source\repos\windowsuidialogs\x64\release\windowsuidialogs.pdb
c:\users\colli\source\repos\windowsuidialogs\x64\release\windowsuidialogs.lib
c:\users\colli\source\repos\windowsuidialogs\x64\release\windowsuidialogs.exp
c:\users\colli\source\repos\windowsuidialogs\x64\release\windowsuidialogs.ipdb
c:\users\colli\source\repos\windowsuidialogs\x64\release\windowsuidialogs.iobj
c:\users\colli\source\repos\windowsuidialogs\windowsuidialogs\x64\release\windowsuidialogs.tlog\cl.command.1.tlog
c:\users\colli\source\repos\windowsuidialogs\windowsuidialogs\x64\release\windowsuidialogs.tlog\cl.read.1.tlog
c:\users\colli\source\repos\windowsuidialogs\windowsuidialogs\x64\release\windowsuidialogs.tlog\cl.write.1.tlog
c:\users\colli\source\repos\windowsuidialogs\windowsuidialogs\x64\release\windowsuidialogs.tlog\link.command.1.tlog
c:\users\colli\source\repos\windowsuidialogs\windowsuidialogs\x64\release\windowsuidialogs.tlog\link.read.1.tlog
c:\users\colli\source\repos\windowsuidialogs\windowsuidialogs\x64\release\windowsuidialogs.tlog\link.write.1.tlog
c:\users\colli\source\repos\windowsuidialogs\windowsuidialogs\x64\release\windowsuidialogs.tlog\windowsuidialogs.write.1u.tlog
